<?xml version="1.0"?>
<?xml-stylesheet type="text/xsl" href="configuration.xsl"?>
<configuration>
<property>
  <name>fs.default.name</name>
  <value>hdfs://testhost:54310</value>
</property>
<property>
  <name>mapred.job.tracker</name>
  <value>hdfs://testhost:54311</value>
</property>
<property>
  <name>dfs.replication</name>
  <value>6</value>
</property>
<property>
  <name>mapred.child.java.opts</name>
  <value>-Xmx512m</value>
</property>
</configuration>